3924
0 0 12 1
12 0 24 1
24 0 36 1
36 0 48 1
48 0 60 1
60 0 72 1
72 0 84 1
84 0 96 1
96 0 108 1
108 0 120 1
120 0 132 1
132 0 144 1
144 0 156 1
156 0 168 1
168 0 180 1
180 0 192 1
192 0 204 1
204 0 216 1
217 0 229 1
229 0 241 1
0 1 12 2
12 1 24 2
24 1 36 2
36 1 48 2
48 1 60 2
60 1 72 2
72 1 84 2
84 1 96 2
96 1 108 2
108 1 120 2
120 1 132 2
132 1 144 2
144 1 156 2
156 1 168 2
168 1 180 2
180 1 192 2
198 1 210 2
210 1 222 2
222 1 234 2
234 1 246 2
3 2 15 3
15 2 27 3
27 2 39 3
39 2 51 3
51 2 63 3
63 2 75 3
75 2 87 3
87 2 99 3
99 2 111 3
111 2 123 3
123 2 135 3
135 2 147 3
147 2 159 3
159 2 171 3
171 2 183 3
183 2 195 3
195 2 207 3
207 2 219 3
219 2 231 3
231 2 243 3
0 3 12 4
12 3 24 4
24 3 36 4
36 3 48 4
48 3 60 4
60 3 72 4
72 3 84 4
84 3 96 4
96 3 108 4
108 3 120 4
120 3 132 4
132 3 144 4
144 3 156 4
156 3 168 4
169 3 181 4
181 3 193 4
193 3 205 4
205 3 217 4
217 3 229 4
229 3 241 4
0 4 12 5
12 4 24 5
24 4 36 5
36 4 48 5
48 4 60 5
60 4 72 5
72 4 84 5
84 4 96 5
98 4 110 5
110 4 122 5
122 4 134 5
134 4 146 5
146 4 158 5
158 4 170 5
170 4 182 5
182 4 194 5
194 4 206 5
206 4 218 5
218 4 230 5
230 4 242 5
0 5 12 6
12 5 24 6
24 5 36 6
36 5 48 6
48 5 60 6
60 5 72 6
72 5 84 6
84 5 96 6
96 5 108 6
108 5 120 6
120 5 132 6
132 5 144 6
144 5 156 6
156 5 168 6
168 5 180 6
180 5 192 6
192 5 204 6
204 5 216 6
216 5 228 6
228 5 240 6
0 6 12 7
12 6 24 7
24 6 36 7
36 6 48 7
48 6 60 7
61 6 73 7
73 6 85 7
85 6 97 7
98 6 110 7
110 6 122 7
122 6 134 7
141 6 153 7
153 6 165 7
165 6 177 7
177 6 189 7
189 6 201 7
201 6 213 7
226 6 238 7
0 7 12 8
12 7 24 8
24 7 36 8
36 7 48 8
48 7 60 8
60 7 72 8
72 7 84 8
84 7 96 8
96 7 108 8
108 7 120 8
120 7 132 8
132 7 144 8
144 7 156 8
156 7 168 8
168 7 180 8
180 7 192 8
194 7 206 8
206 7 218 8
218 7 230 8
230 7 242 8
0 8 12 9
12 8 24 9
24 8 36 9
36 8 48 9
48 8 60 9
60 8 72 9
72 8 84 9
84 8 96 9
96 8 108 9
108 8 120 9
120 8 132 9
132 8 144 9
144 8 156 9
156 8 168 9
168 8 180 9
180 8 192 9
192 8 204 9
204 8 216 9
230 8 242 9
1 9 13 10
13 9 25 10
25 9 37 10
37 9 49 10
49 9 61 10
62 9 74 10
74 9 86 10
86 9 98 10
100 9 112 10
112 9 124 10
124 9 136 10
136 9 148 10
148 9 160 10
160 9 172 10
172 9 184 10
184 9 196 10
196 9 208 10
208 9 220 10
220 9 232 10
232 9 244 10
0 10 12 11
12 10 24 11
24 10 36 11
36 10 48 11
48 10 60 11
60 10 72 11
72 10 84 11
84 10 96 11
96 10 108 11
110 10 122 11
122 10 134 11
134 10 146 11
146 10 158 11
158 10 170 11
170 10 182 11
182 10 194 11
194 10 206 11
206 10 218 11
218 10 230 11
230 10 242 11
0 11 12 12
12 11 24 12
24 11 36 12
36 11 48 12
48 11 60 12
60 11 72 12
72 11 84 12
84 11 96 12
96 11 108 12
108 11 120 12
120 11 132 12
132 11 144 12
144 11 156 12
157 11 169 12
169 11 181 12
181 11 193 12
193 11 205 12
205 11 217 12
217 11 229 12
229 11 241 12
0 12 12 13
12 12 24 13
24 12 36 13
40 12 52 13
53 12 65 13
65 12 77 13
78 12 90 13
90 12 102 13
102 12 114 13
114 12 126 13
126 12 138 13
138 12 150 13
150 12 162 13
162 12 174 13
174 12 186 13
186 12 198 13
198 12 210 13
210 12 222 13
222 12 234 13
234 12 246 13
0 13 12 14
12 13 24 14
24 13 36 14
36 13 48 14
48 13 60 14
60 13 72 14
72 13 84 14
84 13 96 14
96 13 108 14
108 13 120 14
120 13 132 14
132 13 144 14
146 13 158 14
158 13 170 14
170 13 182 14
182 13 194 14
194 13 206 14
206 13 218 14
218 13 230 14
230 13 242 14
0 14 12 15
12 14 24 15
24 14 36 15
36 14 48 15
48 14 60 15
60 14 72 15
72 14 84 15
84 14 96 15
100 14 112 15
112 14 124 15
124 14 136 15
136 14 148 15
148 14 160 15
162 14 174 15
174 14 186 15
186 14 198 15
198 14 210 15
212 14 224 15
224 14 236 15
236 14 248 15
0 15 12 16
12 15 24 16
24 15 36 16
36 15 48 16
48 15 60 16
60 15 72 16
72 15 84 16
84 15 96 16
96 15 108 16
108 15 120 16
120 15 132 16
132 15 144 16
144 15 156 16
156 15 168 16
168 15 180 16
180 15 192 16
192 15 204 16
204 15 216 16
216 15 228 16
228 15 240 16
0 16 12 17
12 16 24 17
24 16 36 17
36 16 48 17
48 16 60 17
60 16 72 17
72 16 84 17
84 16 96 17
96 16 108 17
108 16 120 17
120 16 132 17
132 16 144 17
144 16 156 17
156 16 168 17
168 16 180 17
180 16 192 17
192 16 204 17
204 16 216 17
216 16 228 17
230 16 242 17
0 17 12 18
12 17 24 18
24 17 36 18
36 17 48 18
48 17 60 18
60 17 72 18
72 17 84 18
85 17 97 18
97 17 109 18
115 17 127 18
127 17 139 18
139 17 151 18
151 17 163 18
163 17 175 18
175 17 187 18
187 17 199 18
199 17 211 18
213 17 225 18
226 17 238 18
0 18 12 19
12 18 24 19
24 18 36 19
36 18 48 19
48 18 60 19
60 18 72 19
72 18 84 19
84 18 96 19
96 18 108 19
108 18 120 19
121 18 133 19
133 18 145 19
145 18 157 19
159 18 171 19
171 18 183 19
183 18 195 19
195 18 207 19
207 18 219 19
219 18 231 19
231 18 243 19
0 19 12 20
12 19 24 20
24 19 36 20
36 19 48 20
48 19 60 20
60 19 72 20
72 19 84 20
84 19 96 20
96 19 108 20
113 19 125 20
125 19 137 20
137 19 149 20
149 19 161 20
161 19 173 20
173 19 185 20
185 19 197 20
197 19 209 20
209 19 221 20
222 19 234 20
235 19 247 20
0 20 12 21
12 20 24 21
24 20 36 21
38 20 50 21
50 20 62 21
62 20 74 21
74 20 86 21
91 20 103 21
103 20 115 21
123 20 135 21
135 20 147 21
149 20 161 21
161 20 173 21
173 20 185 21
185 20 197 21
197 20 209 21
209 20 221 21
221 20 233 21
233 20 245 21
0 21 12 22
12 21 24 22
24 21 36 22
36 21 48 22
48 21 60 22
60 21 72 22
72 21 84 22
84 21 96 22
96 21 108 22
108 21 120 22
120 21 132 22
132 21 144 22
144 21 156 22
156 21 168 22
168 21 180 22
180 21 192 22
193 21 205 22
205 21 217 22
217 21 229 22
229 21 241 22
0 22 12 23
12 22 24 23
24 22 36 23
36 22 48 23
48 22 60 23
60 22 72 23
72 22 84 23
84 22 96 23
96 22 108 23
108 22 120 23
120 22 132 23
132 22 144 23
144 22 156 23
156 22 168 23
168 22 180 23
180 22 192 23
194 22 206 23
206 22 218 23
218 22 230 23
230 22 242 23
0 23 12 24
12 23 24 24
24 23 36 24
36 23 48 24
48 23 60 24
60 23 72 24
72 23 84 24
84 23 96 24
96 23 108 24
120 23 132 24
132 23 144 24
144 23 156 24
156 23 168 24
168 23 180 24
180 23 192 24
192 23 204 24
204 23 216 24
216 23 228 24
228 23 240 24
0 24 12 25
12 24 24 25
24 24 36 25
36 24 48 25
48 24 60 25
60 24 72 25
72 24 84 25
84 24 96 25
96 24 108 25
110 24 122 25
122 24 134 25
134 24 146 25
146 24 158 25
158 24 170 25
170 24 182 25
182 24 194 25
194 24 206 25
206 24 218 25
218 24 230 25
231 24 243 25
0 25 12 26
12 25 24 26
24 25 36 26
36 25 48 26
48 25 60 26
60 25 72 26
72 25 84 26
84 25 96 26
96 25 108 26
108 25 120 26
120 25 132 26
132 25 144 26
144 25 156 26
156 25 168 26
168 25 180 26
180 25 192 26
193 25 205 26
205 25 217 26
217 25 229 26
233 25 245 26
0 26 12 27
12 26 24 27
24 26 36 27
36 26 48 27
48 26 60 27
60 26 72 27
72 26 84 27
84 26 96 27
96 26 108 27
112 26 124 27
124 26 136 27
136 26 148 27
148 26 160 27
160 26 172 27
172 26 184 27
184 26 196 27
196 26 208 27
208 26 220 27
220 26 232 27
232 26 244 27
0 27 12 28
12 27 24 28
27 27 39 28
39 27 51 28
54 27 66 28
74 27 86 28
86 27 98 28
100 27 112 28
112 27 124 28
124 27 136 28
136 27 148 28
148 27 160 28
160 27 172 28
174 27 186 28
186 27 198 28
198 27 210 28
210 27 222 28
222 27 234 28
0 28 12 29
12 28 24 29
24 28 36 29
36 28 48 29
48 28 60 29
60 28 72 29
72 28 84 29
87 28 99 29
99 28 111 29
134 28 146 29
148 28 160 29
160 28 172 29
172 28 184 29
184 28 196 29
196 28 208 29
208 28 220 29
223 28 235 29
235 28 247 29
0 29 12 30
12 29 24 30
24 29 36 30
36 29 48 30
53 29 65 30
66 29 78 30
78 29 90 30
90 29 102 30
102 29 114 30
114 29 126 30
126 29 138 30
138 29 150 30
152 29 164 30
164 29 176 30
176 29 188 30
188 29 200 30
200 29 212 30
212 29 224 30
224 29 236 30
236 29 248 30
0 30 12 31
12 30 24 31
26 30 38 31
38 30 50 31
50 30 62 31
62 30 74 31
74 30 86 31
86 30 98 31
98 30 110 31
110 30 122 31
122 30 134 31
134 30 146 31
146 30 158 31
158 30 170 31
170 30 182 31
182 30 194 31
194 30 206 31
206 30 218 31
218 30 230 31
230 30 242 31
0 31 12 32
12 31 24 32
30 31 42 32
49 31 61 32
61 31 73 32
73 31 85 32
85 31 97 32
97 31 109 32
109 31 121 32
121 31 133 32
133 31 145 32
145 31 157 32
157 31 169 32
169 31 181 32
184 31 196 32
199 31 211 32
211 31 223 32
223 31 235 32
235 31 247 32
0 32 12 33
12 32 24 33
24 32 36 33
36 32 48 33
48 32 60 33
60 32 72 33
73 32 85 33
85 32 97 33
97 32 109 33
109 32 121 33
121 32 133 33
133 32 145 33
145 32 157 33
157 32 169 33
169 32 181 33
181 32 193 33
193 32 205 33
205 32 217 33
218 32 230 33
230 32 242 33
0 33 12 34
12 33 24 34
25 33 37 34
37 33 49 34
49 33 61 34
61 33 73 34
73 33 85 34
85 33 97 34
97 33 109 34
111 33 123 34
123 33 135 34
135 33 147 34
147 33 159 34
159 33 171 34
171 33 183 34
183 33 195 34
208 33 220 34
220 33 232 34
232 33 244 34
16 34 28 35
28 34 40 35
40 34 52 35
52 34 64 35
66 34 78 35
78 34 90 35
103 34 115 35
115 34 127 35
127 34 139 35
139 34 151 35
151 34 163 35
164 34 176 35
176 34 188 35
188 34 200 35
200 34 212 35
212 34 224 35
224 34 236 35
236 34 248 35
0 35 12 36
12 35 24 36
24 35 36 36
36 35 48 36
48 35 60 36
60 35 72 36
72 35 84 36
84 35 96 36
96 35 108 36
108 35 120 36
120 35 132 36
132 35 144 36
144 35 156 36
156 35 168 36
168 35 180 36
184 35 196 36
196 35 208 36
208 35 220 36
220 35 232 36
232 35 244 36
0 36 12 37
12 36 24 37
24 36 36 37
36 36 48 37
48 36 60 37
60 36 72 37
72 36 84 37
84 36 96 37
98 36 110 37
110 36 122 37
122 36 134 37
134 36 146 37
146 36 158 37
158 36 170 37
170 36 182 37
182 36 194 37
194 36 206 37
206 36 218 37
224 36 236 37
236 36 248 37
0 37 12 38
12 37 24 38
24 37 36 38
36 37 48 38
51 37 63 38
66 37 78 38
78 37 90 38
90 37 102 38
102 37 114 38
114 37 126 38
126 37 138 38
138 37 150 38
153 37 165 38
165 37 177 38
181 37 193 38
193 37 205 38
205 37 217 38
222 37 234 38
234 37 246 38
0 38 12 39
12 38 24 39
24 38 36 39
36 38 48 39
48 38 60 39
60 38 72 39
72 38 84 39
84 38 96 39
96 38 108 39
111 38 123 39
123 38 135 39
135 38 147 39
149 38 161 39
169 38 181 39
181 38 193 39
193 38 205 39
205 38 217 39
217 38 229 39
229 38 241 39
2 39 14 40
14 39 26 40
26 39 38 40
38 39 50 40
50 39 62 40
62 39 74 40
75 39 87 40
87 39 99 40
99 39 111 40
111 39 123 40
123 39 135 40
135 39 147 40
147 39 159 40
159 39 171 40
171 39 183 40
183 39 195 40
195 39 207 40
208 39 220 40
220 39 232 40
232 39 244 40
2 40 14 41
14 40 26 41
26 40 38 41
38 40 50 41
50 40 62 41
62 40 74 41
75 40 87 41
87 40 99 41
112 40 124 41
124 40 136 41
136 40 148 41
148 40 160 41
160 40 172 41
172 40 184 41
184 40 196 41
196 40 208 41
208 40 220 41
220 40 232 41
232 40 244 41
0 41 12 42
12 41 24 42
24 41 36 42
36 41 48 42
48 41 60 42
60 41 72 42
72 41 84 42
84 41 96 42
96 41 108 42
108 41 120 42
120 41 132 42
132 41 144 42
144 41 156 42
156 41 168 42
168 41 180 42
180 41 192 42
192 41 204 42
204 41 216 42
216 41 228 42
228 41 240 42
0 42 12 43
13 42 25 43
25 42 37 43
40 42 52 43
52 42 64 43
67 42 79 43
79 42 91 43
91 42 103 43
103 42 115 43
115 42 127 43
127 42 139 43
139 42 151 43
152 42 164 43
164 42 176 43
176 42 188 43
188 42 200 43
200 42 212 43
212 42 224 43
224 42 236 43
0 43 12 44
12 43 24 44
24 43 36 44
36 43 48 44
48 43 60 44
69 43 81 44
81 43 93 44
93 43 105 44
105 43 117 44
118 43 130 44
130 43 142 44
142 43 154 44
154 43 166 44
166 43 178 44
178 43 190 44
190 43 202 44
202 43 214 44
217 43 229 44
231 43 243 44
0 44 12 45
12 44 24 45
24 44 36 45
36 44 48 45
48 44 60 45
60 44 72 45
72 44 84 45
84 44 96 45
96 44 108 45
108 44 120 45
120 44 132 45
132 44 144 45
144 44 156 45
156 44 168 45
168 44 180 45
180 44 192 45
192 44 204 45
204 44 216 45
216 44 228 45
228 44 240 45
0 45 12 46
12 45 24 46
24 45 36 46
36 45 48 46
48 45 60 46
60 45 72 46
72 45 84 46
84 45 96 46
96 45 108 46
108 45 120 46
120 45 132 46
132 45 144 46
145 45 157 46
157 45 169 46
169 45 181 46
181 45 193 46
193 45 205 46
205 45 217 46
217 45 229 46
229 45 241 46
2 46 14 47
14 46 26 47
26 46 38 47
38 46 50 47
52 46 64 47
64 46 76 47
76 46 88 47
88 46 100 47
107 46 119 47
119 46 131 47
131 46 143 47
143 46 155 47
162 46 174 47
174 46 186 47
186 46 198 47
198 46 210 47
210 46 222 47
222 46 234 47
234 46 246 47
0 47 12 48
12 47 24 48
24 47 36 48
36 47 48 48
48 47 60 48
60 47 72 48
72 47 84 48
84 47 96 48
96 47 108 48
108 47 120 48
120 47 132 48
133 47 145 48
145 47 157 48
157 47 169 48
169 47 181 48
181 47 193 48
193 47 205 48
208 47 220 48
220 47 232 48
237 47 249 48
12 48 24 49
24 48 36 49
36 48 48 49
48 48 60 49
62 48 74 49
74 48 86 49
86 48 98 49
98 48 110 49
115 48 127 49
127 48 139 49
140 48 152 49
152 48 164 49
164 48 176 49
176 48 188 49
188 48 200 49
200 48 212 49
212 48 224 49
224 48 236 49
236 48 248 49
0 49 12 50
12 49 24 50
24 49 36 50
37 49 49 50
50 49 62 50
65 49 77 50
77 49 89 50
89 49 101 50
101 49 113 50
113 49 125 50
125 49 137 50
137 49 149 50
149 49 161 50
161 49 173 50
173 49 185 50
187 49 199 50
199 49 211 50
211 49 223 50
223 49 235 50
235 49 247 50
0 50 12 51
12 50 24 51
24 50 36 51
36 50 48 51
48 50 60 51
60 50 72 51
72 50 84 51
84 50 96 51
96 50 108 51
109 50 121 51
121 50 133 51
133 50 145 51
145 50 157 51
157 50 169 51
169 50 181 51
181 50 193 51
193 50 205 51
205 50 217 51
217 50 229 51
229 50 241 51
0 51 12 52
12 51 24 52
24 51 36 52
36 51 48 52
48 51 60 52
61 51 73 52
73 51 85 52
85 51 97 52
97 51 109 52
109 51 121 52
121 51 133 52
133 51 145 52
145 51 157 52
157 51 169 52
169 51 181 52
181 51 193 52
193 51 205 52
205 51 217 52
217 51 229 52
229 51 241 52
0 52 12 53
12 52 24 53
24 52 36 53
40 52 52 53
52 52 64 53
70 52 82 53
82 52 94 53
94 52 106 53
110 52 122 53
122 52 134 53
135 52 147 53
147 52 159 53
159 52 171 53
189 52 201 53
201 52 213 53
213 52 225 53
234 52 246 53
0 53 12 54
12 53 24 54
24 53 36 54
36 53 48 54
49 53 61 54
61 53 73 54
73 53 85 54
85 53 97 54
97 53 109 54
109 53 121 54
121 53 133 54
133 53 145 54
145 53 157 54
157 53 169 54
169 53 181 54
185 53 197 54
197 53 209 54
209 53 221 54
221 53 233 54
233 53 245 54
0 54 12 55
12 54 24 55
24 54 36 55
36 54 48 55
48 54 60 55
62 54 74 55
74 54 86 55
86 54 98 55
98 54 110 55
110 54 122 55
122 54 134 55
134 54 146 55
146 54 158 55
158 54 170 55
170 54 182 55
182 54 194 55
194 54 206 55
206 54 218 55
218 54 230 55
234 54 246 55
0 55 12 56
12 55 24 56
24 55 36 56
36 55 48 56
48 55 60 56
61 55 73 56
84 55 96 56
96 55 108 56
110 55 122 56
122 55 134 56
135 55 147 56
147 55 159 56
159 55 171 56
171 55 183 56
184 55 196 56
196 55 208 56
208 55 220 56
220 55 232 56
233 55 245 56
0 56 12 57
12 56 24 57
28 56 40 57
40 56 52 57
52 56 64 57
64 56 76 57
76 56 88 57
88 56 100 57
100 56 112 57
112 56 124 57
124 56 136 57
136 56 148 57
148 56 160 57
160 56 172 57
173 56 185 57
185 56 197 57
204 56 216 57
216 56 228 57
233 56 245 57
0 57 12 58
13 57 25 58
25 57 37 58
37 57 49 58
49 57 61 58
61 57 73 58
73 57 85 58
85 57 97 58
101 57 113 58
113 57 125 58
125 57 137 58
143 57 155 58
155 57 167 58
167 57 179 58
179 57 191 58
191 57 203 58
203 57 215 58
215 57 227 58
227 57 239 58
0 58 12 59
12 58 24 59
24 58 36 59
36 58 48 59
48 58 60 59
60 58 72 59
72 58 84 59
84 58 96 59
96 58 108 59
108 58 120 59
120 58 132 59
136 58 148 59
148 58 160 59
160 58 172 59
172 58 184 59
184 58 196 59
196 58 208 59
208 58 220 59
220 58 232 59
232 58 244 59
0 59 12 60
12 59 24 60
24 59 36 60
36 59 48 60
48 59 60 60
60 59 72 60
72 59 84 60
84 59 96 60
96 59 108 60
108 59 120 60
121 59 133 60
133 59 145 60
145 59 157 60
158 59 170 60
170 59 182 60
182 59 194 60
210 59 222 60
227 59 239 60
4 60 16 61
16 60 28 61
28 60 40 61
40 60 52 61
52 60 64 61
64 60 76 61
76 60 88 61
99 60 111 61
118 60 130 61
130 60 142 61
142 60 154 61
154 60 166 61
166 60 178 61
183 60 195 61
195 60 207 61
207 60 219 61
219 60 231 61
231 60 243 61
0 61 12 62
12 61 24 62
30 61 42 62
42 61 54 62
54 61 66 62
66 61 78 62
84 61 96 62
96 61 108 62
108 61 120 62
120 61 132 62
132 61 144 62
144 61 156 62
156 61 168 62
168 61 180 62
180 61 192 62
192 61 204 62
204 61 216 62
216 61 228 62
230 61 242 62
0 62 12 63
12 62 24 63
24 62 36 63
36 62 48 63
48 62 60 63
60 62 72 63
77 62 89 63
89 62 101 63
101 62 113 63
113 62 125 63
131 62 143 63
143 62 155 63
155 62 167 63
171 62 183 63
183 62 195 63
195 62 207 63
207 62 219 63
219 62 231 63
231 62 243 63
3 63 15 64
16 63 28 64
28 63 40 64
40 63 52 64
52 63 64 64
66 63 78 64
84 63 96 64
96 63 108 64
108 63 120 64
120 63 132 64
132 63 144 64
144 63 156 64
156 63 168 64
168 63 180 64
181 63 193 64
196 63 208 64
208 63 220 64
220 63 232 64
232 63 244 64
0 64 12 65
12 64 24 65
27 64 39 65
39 64 51 65
51 64 63 65
66 64 78 65
85 64 97 65
97 64 109 65
109 64 121 65
123 64 135 65
135 64 147 65
147 64 159 65
159 64 171 65
171 64 183 65
184 64 196 65
196 64 208 65
210 64 222 65
222 64 234 65
237 64 249 65
0 65 12 66
21 65 33 66
33 65 45 66
45 65 57 66
57 65 69 66
69 65 81 66
81 65 93 66
93 65 105 66
105 65 117 66
117 65 129 66
129 65 141 66
141 65 153 66
153 65 165 66
165 65 177 66
177 65 189 66
189 65 201 66
201 65 213 66
214 65 226 66
226 65 238 66
0 66 12 67
12 66 24 67
24 66 36 67
36 66 48 67
51 66 63 67
63 66 75 67
75 66 87 67
89 66 101 67
101 66 113 67
113 66 125 67
125 66 137 67
137 66 149 67
149 66 161 67
161 66 173 67
173 66 185 67
185 66 197 67
200 66 212 67
212 66 224 67
224 66 236 67
237 66 249 67
0 67 12 68
12 67 24 68
24 67 36 68
36 67 48 68
48 67 60 68
60 67 72 68
72 67 84 68
84 67 96 68
96 67 108 68
108 67 120 68
120 67 132 68
132 67 144 68
144 67 156 68
156 67 168 68
168 67 180 68
181 67 193 68
193 67 205 68
205 67 217 68
217 67 229 68
229 67 241 68
0 68 12 69
12 68 24 69
24 68 36 69
37 68 49 69
49 68 61 69
61 68 73 69
73 68 85 69
86 68 98 69
98 68 110 69
110 68 122 69
122 68 134 69
134 68 146 69
146 68 158 69
158 68 170 69
177 68 189 69
189 68 201 69
204 68 216 69
216 68 228 69
232 68 244 69
0 69 12 70
12 69 24 70
24 69 36 70
36 69 48 70
48 69 60 70
60 69 72 70
72 69 84 70
84 69 96 70
98 69 110 70
114 69 126 70
126 69 138 70
138 69 150 70
150 69 162 70
162 69 174 70
174 69 186 70
186 69 198 70
198 69 210 70
210 69 222 70
222 69 234 70
234 69 246 70
0 70 12 71
12 70 24 71
24 70 36 71
36 70 48 71
48 70 60 71
60 70 72 71
72 70 84 71
84 70 96 71
96 70 108 71
108 70 120 71
120 70 132 71
132 70 144 71
144 70 156 71
159 70 171 71
171 70 183 71
183 70 195 71
195 70 207 71
207 70 219 71
219 70 231 71
0 71 12 72
12 71 24 72
24 71 36 72
36 71 48 72
48 71 60 72
60 71 72 72
72 71 84 72
84 71 96 72
96 71 108 72
108 71 120 72
120 71 132 72
132 71 144 72
144 71 156 72
156 71 168 72
168 71 180 72
180 71 192 72
192 71 204 72
205 71 217 72
218 71 230 72
230 71 242 72
0 72 12 73
12 72 24 73
24 72 36 73
39 72 51 73
51 72 63 73
63 72 75 73
75 72 87 73
87 72 99 73
99 72 111 73
111 72 123 73
123 72 135 73
135 72 147 73
151 72 163 73
163 72 175 73
175 72 187 73
187 72 199 73
199 72 211 73
211 72 223 73
223 72 235 73
235 72 247 73
0 73 12 74
12 73 24 74
24 73 36 74
38 73 50 74
50 73 62 74
66 73 78 74
80 73 92 74
93 73 105 74
105 73 117 74
117 73 129 74
129 73 141 74
141 73 153 74
162 73 174 74
174 73 186 74
186 73 198 74
198 73 210 74
210 73 222 74
222 73 234 74
234 73 246 74
0 74 12 75
12 74 24 75
24 74 36 75
36 74 48 75
48 74 60 75
60 74 72 75
72 74 84 75
84 74 96 75
96 74 108 75
108 74 120 75
120 74 132 75
132 74 144 75
144 74 156 75
156 74 168 75
168 74 180 75
180 74 192 75
192 74 204 75
204 74 216 75
224 74 236 75
236 74 248 75
0 75 12 76
12 75 24 76
24 75 36 76
37 75 49 76
49 75 61 76
63 75 75 76
75 75 87 76
93 75 105 76
108 75 120 76
120 75 132 76
132 75 144 76
151 75 163 76
163 75 175 76
175 75 187 76
187 75 199 76
199 75 211 76
211 75 223 76
223 75 235 76
235 75 247 76
0 76 12 77
12 76 24 77
24 76 36 77
36 76 48 77
50 76 62 77
62 76 74 77
74 76 86 77
86 76 98 77
98 76 110 77
110 76 122 77
122 76 134 77
134 76 146 77
146 76 158 77
158 76 170 77
171 76 183 77
183 76 195 77
195 76 207 77
207 76 219 77
219 76 231 77
231 76 243 77
0 77 12 78
12 77 24 78
24 77 36 78
36 77 48 78
48 77 60 78
60 77 72 78
72 77 84 78
84 77 96 78
99 77 111 78
117 77 129 78
129 77 141 78
150 77 162 78
162 77 174 78
174 77 186 78
189 77 201 78
201 77 213 78
216 77 228 78
228 77 240 78
0 78 12 79
12 78 24 79
24 78 36 79
36 78 48 79
48 78 60 79
60 78 72 79
72 78 84 79
84 78 96 79
96 78 108 79
109 78 121 79
121 78 133 79
133 78 145 79
151 78 163 79
163 78 175 79
175 78 187 79
187 78 199 79
199 78 211 79
214 78 226 79
226 78 238 79
0 79 12 80
12 79 24 80
24 79 36 80
36 79 48 80
48 79 60 80
60 79 72 80
74 79 86 80
86 79 98 80
98 79 110 80
110 79 122 80
122 79 134 80
134 79 146 80
146 79 158 80
158 79 170 80
173 79 185 80
185 79 197 80
197 79 209 80
209 79 221 80
221 79 233 80
233 79 245 80
0 80 12 81
12 80 24 81
24 80 36 81
36 80 48 81
48 80 60 81
64 80 76 81
76 80 88 81
88 80 100 81
100 80 112 81
114 80 126 81
126 80 138 81
138 80 150 81
150 80 162 81
162 80 174 81
174 80 186 81
186 80 198 81
198 80 210 81
210 80 222 81
222 80 234 81
236 80 248 81
0 81 12 82
12 81 24 82
24 81 36 82
36 81 48 82
48 81 60 82
60 81 72 82
73 81 85 82
85 81 97 82
97 81 109 82
109 81 121 82
121 81 133 82
133 81 145 82
150 81 162 82
162 81 174 82
174 81 186 82
186 81 198 82
198 81 210 82
216 81 228 82
232 81 244 82
0 82 12 83
12 82 24 83
24 82 36 83
36 82 48 83
48 82 60 83
60 82 72 83
72 82 84 83
84 82 96 83
96 82 108 83
108 82 120 83
120 82 132 83
132 82 144 83
144 82 156 83
156 82 168 83
168 82 180 83
180 82 192 83
192 82 204 83
204 82 216 83
216 82 228 83
228 82 240 83
0 83 12 84
12 83 24 84
24 83 36 84
36 83 48 84
48 83 60 84
60 83 72 84
72 83 84 84
84 83 96 84
96 83 108 84
108 83 120 84
120 83 132 84
132 83 144 84
144 83 156 84
165 83 177 84
177 83 189 84
189 83 201 84
204 83 216 84
216 83 228 84
228 83 240 84
0 84 12 85
12 84 24 85
36 84 48 85
48 84 60 85
64 84 76 85
83 84 95 85
95 84 107 85
107 84 119 85
119 84 131 85
131 84 143 85
143 84 155 85
155 84 167 85
167 84 179 85
179 84 191 85
201 84 213 85
213 84 225 85
229 84 241 85
8 85 20 86
20 85 32 86
32 85 44 86
45 85 57 86
57 85 69 86
69 85 81 86
81 85 93 86
94 85 106 86
121 85 133 86
133 85 145 86
145 85 157 86
157 85 169 86
169 85 181 86
181 85 193 86
193 85 205 86
205 85 217 86
217 85 229 86
229 85 241 86
0 86 12 87
12 86 24 87
24 86 36 87
36 86 48 87
48 86 60 87
71 86 83 87
83 86 95 87
95 86 107 87
107 86 119 87
119 86 131 87
131 86 143 87
143 86 155 87
155 86 167 87
169 86 181 87
181 86 193 87
193 86 205 87
205 86 217 87
220 86 232 87
232 86 244 87
0 87 12 88
15 87 27 88
27 87 39 88
39 87 51 88
51 87 63 88
63 87 75 88
75 87 87 88
87 87 99 88
99 87 111 88
111 87 123 88
123 87 135 88
135 87 147 88
147 87 159 88
159 87 171 88
171 87 183 88
184 87 196 88
196 87 208 88
208 87 220 88
220 87 232 88
232 87 244 88
0 88 12 89
12 88 24 89
26 88 38 89
38 88 50 89
51 88 63 89
63 88 75 89
75 88 87 89
87 88 99 89
99 88 111 89
111 88 123 89
123 88 135 89
135 88 147 89
147 88 159 89
159 88 171 89
171 88 183 89
183 88 195 89
195 88 207 89
208 88 220 89
220 88 232 89
232 88 244 89
0 89 12 90
16 89 28 90
33 89 45 90
46 89 58 90
58 89 70 90
70 89 82 90
82 89 94 90
94 89 106 90
106 89 118 90
118 89 130 90
133 89 145 90
145 89 157 90
157 89 169 90
169 89 181 90
181 89 193 90
193 89 205 90
208 89 220 90
220 89 232 90
232 89 244 90
0 90 12 91
15 90 27 91
27 90 39 91
39 90 51 91
51 90 63 91
63 90 75 91
75 90 87 91
87 90 99 91
99 90 111 91
111 90 123 91
123 90 135 91
135 90 147 91
147 90 159 91
159 90 171 91
171 90 183 91
183 90 195 91
195 90 207 91
208 90 220 91
225 90 237 91
237 90 249 91
0 91 12 92
12 91 24 92
24 91 36 92
36 91 48 92
48 91 60 92
60 91 72 92
72 91 84 92
85 91 97 92
97 91 109 92
109 91 121 92
121 91 133 92
133 91 145 92
158 91 170 92
170 91 182 92
186 91 198 92
198 91 210 92
210 91 222 92
222 91 234 92
235 91 247 92
0 92 12 93
12 92 24 93
24 92 36 93
36 92 48 93
48 92 60 93
60 92 72 93
72 92 84 93
84 92 96 93
96 92 108 93
110 92 122 93
122 92 134 93
134 92 146 93
146 92 158 93
158 92 170 93
170 92 182 93
182 92 194 93
194 92 206 93
206 92 218 93
230 92 242 93
0 93 12 94
12 93 24 94
24 93 36 94
36 93 48 94
48 93 60 94
60 93 72 94
77 93 89 94
89 93 101 94
101 93 113 94
113 93 125 94
125 93 137 94
137 93 149 94
149 93 161 94
161 93 173 94
173 93 185 94
185 93 197 94
197 93 209 94
209 93 221 94
221 93 233 94
233 93 245 94
0 94 12 95
12 94 24 95
28 94 40 95
40 94 52 95
52 94 64 95
64 94 76 95
76 94 88 95
88 94 100 95
100 94 112 95
112 94 124 95
124 94 136 95
136 94 148 95
148 94 160 95
160 94 172 95
172 94 184 95
184 94 196 95
196 94 208 95
208 94 220 95
220 94 232 95
232 94 244 95
0 95 12 96
12 95 24 96
24 95 36 96
36 95 48 96
48 95 60 96
60 95 72 96
72 95 84 96
84 95 96 96
98 95 110 96
110 95 122 96
122 95 134 96
134 95 146 96
146 95 158 96
158 95 170 96
170 95 182 96
186 95 198 96
198 95 210 96
210 95 222 96
222 95 234 96
234 95 246 96
0 96 12 97
12 96 24 97
24 96 36 97
37 96 49 97
49 96 61 97
67 96 79 97
79 96 91 97
91 96 103 97
103 96 115 97
115 96 127 97
127 96 139 97
141 96 153 97
153 96 165 97
165 96 177 97
177 96 189 97
190 96 202 97
202 96 214 97
214 96 226 97
226 96 238 97
7 97 19 98
20 97 32 98
34 97 46 98
46 97 58 98
58 97 70 98
70 97 82 98
82 97 94 98
94 97 106 98
113 97 125 98
125 97 137 98
137 97 149 98
150 97 162 98
162 97 174 98
174 97 186 98
186 97 198 98
198 97 210 98
210 97 222 98
222 97 234 98
234 97 246 98
0 98 12 99
12 98 24 99
24 98 36 99
36 98 48 99
48 98 60 99
60 98 72 99
72 98 84 99
84 98 96 99
96 98 108 99
113 98 125 99
125 98 137 99
137 98 149 99
149 98 161 99
161 98 173 99
173 98 185 99
185 98 197 99
200 98 212 99
212 98 224 99
224 98 236 99
236 98 248 99
0 99 12 100
12 99 24 100
24 99 36 100
36 99 48 100
48 99 60 100
60 99 72 100
73 99 85 100
85 99 97 100
97 99 109 100
110 99 122 100
123 99 135 100
135 99 147 100
147 99 159 100
159 99 171 100
171 99 183 100
188 99 200 100
200 99 212 100
212 99 224 100
224 99 236 100
0 100 12 101
12 100 24 101
24 100 36 101
36 100 48 101
48 100 60 101
60 100 72 101
72 100 84 101
84 100 96 101
96 100 108 101
108 100 120 101
120 100 132 101
132 100 144 101
144 100 156 101
156 100 168 101
168 100 180 101
180 100 192 101
192 100 204 101
208 100 220 101
220 100 232 101
232 100 244 101
0 101 12 102
12 101 24 102
24 101 36 102
36 101 48 102
48 101 60 102
60 101 72 102
72 101 84 102
85 101 97 102
97 101 109 102
109 101 121 102
121 101 133 102
133 101 145 102
156 101 168 102
168 101 180 102
181 101 193 102
193 101 205 102
205 101 217 102
223 101 235 102
235 101 247 102
0 102 12 103
12 102 24 103
27 102 39 103
39 102 51 103
51 102 63 103
67 102 79 103
79 102 91 103
91 102 103 103
105 102 117 103
117 102 129 103
129 102 141 103
141 102 153 103
153 102 165 103
165 102 177 103
177 102 189 103
193 102 205 103
205 102 217 103
217 102 229 103
229 102 241 103
0 103 12 104
12 103 24 104
24 103 36 104
36 103 48 104
48 103 60 104
60 103 72 104
72 103 84 104
84 103 96 104
96 103 108 104
117 103 129 104
129 103 141 104
141 103 153 104
153 103 165 104
165 103 177 104
197 103 209 104
209 103 221 104
221 103 233 104
233 103 245 104
5 104 17 105
17 104 29 105
29 104 41 105
41 104 53 105
53 104 65 105
68 104 80 105
80 104 92 105
92 104 104 105
104 104 116 105
116 104 128 105
128 104 140 105
140 104 152 105
153 104 165 105
165 104 177 105
177 104 189 105
189 104 201 105
201 104 213 105
213 104 225 105
225 104 237 105
237 104 249 105
0 105 12 106
12 105 24 106
24 105 36 106
36 105 48 106
48 105 60 106
60 105 72 106
73 105 85 106
85 105 97 106
97 105 109 106
109 105 121 106
121 105 133 106
133 105 145 106
145 105 157 106
157 105 169 106
169 105 181 106
181 105 193 106
193 105 205 106
205 105 217 106
217 105 229 106
229 105 241 106
0 106 12 107
12 106 24 107
24 106 36 107
36 106 48 107
48 106 60 107
61 106 73 107
73 106 85 107
85 106 97 107
97 106 109 107
109 106 121 107
121 106 133 107
133 106 145 107
145 106 157 107
172 106 184 107
184 106 196 107
196 106 208 107
212 106 224 107
224 106 236 107
236 106 248 107
0 107 12 108
12 107 24 108
24 107 36 108
36 107 48 108
48 107 60 108
60 107 72 108
72 107 84 108
84 107 96 108
96 107 108 108
108 107 120 108
120 107 132 108
132 107 144 108
144 107 156 108
157 107 169 108
169 107 181 108
181 107 193 108
194 107 206 108
206 107 218 108
218 107 230 108
230 107 242 108
0 108 12 109
12 108 24 109
35 108 47 109
47 108 59 109
59 108 71 109
71 108 83 109
83 108 95 109
95 108 107 109
107 108 119 109
119 108 131 109
133 108 145 109
145 108 157 109
157 108 169 109
169 108 181 109
181 108 193 109
193 108 205 109
205 108 217 109
217 108 229 109
230 108 242 109
0 109 12 110
12 109 24 110
24 109 36 110
36 109 48 110
48 109 60 110
60 109 72 110
72 109 84 110
84 109 96 110
96 109 108 110
108 109 120 110
120 109 132 110
133 109 145 110
145 109 157 110
157 109 169 110
169 109 181 110
181 109 193 110
205 109 217 110
219 109 231 110
231 109 243 110
0 110 12 111
12 110 24 111
24 110 36 111
36 110 48 111
48 110 60 111
63 110 75 111
78 110 90 111
90 110 102 111
104 110 116 111
120 110 132 111
132 110 144 111
149 110 161 111
161 110 173 111
173 110 185 111
185 110 197 111
197 110 209 111
209 110 221 111
221 110 233 111
234 110 246 111
9 111 21 112
21 111 33 112
33 111 45 112
45 111 57 112
57 111 69 112
69 111 81 112
81 111 93 112
93 111 105 112
105 111 117 112
117 111 129 112
129 111 141 112
141 111 153 112
162 111 174 112
174 111 186 112
186 111 198 112
198 111 210 112
213 111 225 112
225 111 237 112
237 111 249 112
0 112 12 113
17 112 29 113
29 112 41 113
41 112 53 113
53 112 65 113
65 112 77 113
77 112 89 113
89 112 101 113
101 112 113 113
113 112 125 113
125 112 137 113
137 112 149 113
149 112 161 113
161 112 173 113
173 112 185 113
185 112 197 113
198 112 210 113
210 112 222 113
222 112 234 113
234 112 246 113
0 113 12 114
13 113 25 114
25 113 37 114
44 113 56 114
56 113 68 114
68 113 80 114
80 113 92 114
92 113 104 114
106 113 118 114
118 113 130 114
130 113 142 114
142 113 154 114
154 113 166 114
166 113 178 114
178 113 190 114
195 113 207 114
207 113 219 114
219 113 231 114
231 113 243 114
0 114 12 115
12 114 24 115
24 114 36 115
36 114 48 115
48 114 60 115
60 114 72 115
72 114 84 115
84 114 96 115
96 114 108 115
108 114 120 115
120 114 132 115
132 114 144 115
144 114 156 115
156 114 168 115
168 114 180 115
180 114 192 115
192 114 204 115
204 114 216 115
216 114 228 115
229 114 241 115
0 115 12 116
12 115 24 116
24 115 36 116
36 115 48 116
48 115 60 116
60 115 72 116
76 115 88 116
88 115 100 116
100 115 112 116
112 115 124 116
124 115 136 116
136 115 148 116
148 115 160 116
167 115 179 116
179 115 191 116
203 115 215 116
215 115 227 116
227 115 239 116
3 116 15 117
25 116 37 117
37 116 49 117
49 116 61 117
61 116 73 117
73 116 85 117
85 116 97 117
97 116 109 117
109 116 121 117
121 116 133 117
133 116 145 117
145 116 157 117
157 116 169 117
174 116 186 117
186 116 198 117
198 116 210 117
210 116 222 117
226 116 238 117
0 117 12 118
12 117 24 118
25 117 37 118
37 117 49 118
49 117 61 118
61 117 73 118
73 117 85 118
89 117 101 118
101 117 113 118
113 117 125 118
126 117 138 118
138 117 150 118
150 117 162 118
162 117 174 118
174 117 186 118
186 117 198 118
198 117 210 118
210 117 222 118
222 117 234 118
234 117 246 118
0 118 12 119
12 118 24 119
24 118 36 119
40 118 52 119
52 118 64 119
64 118 76 119
76 118 88 119
94 118 106 119
106 118 118 119
118 118 130 119
130 118 142 119
142 118 154 119
154 118 166 119
166 118 178 119
178 118 190 119
190 118 202 119
202 118 214 119
214 118 226 119
230 118 242 119
2 119 14 120
14 119 26 120
26 119 38 120
38 119 50 120
52 119 64 120
64 119 76 120
76 119 88 120
88 119 100 120
100 119 112 120
116 119 128 120
131 119 143 120
143 119 155 120
159 119 171 120
172 119 184 120
184 119 196 120
196 119 208 120
208 119 220 120
220 119 232 120
237 119 249 120
0 120 12 121
12 120 24 121
24 120 36 121
36 120 48 121
48 120 60 121
60 120 72 121
72 120 84 121
84 120 96 121
96 120 108 121
112 120 124 121
124 120 136 121
136 120 148 121
150 120 162 121
163 120 175 121
175 120 187 121
187 120 199 121
199 120 211 121
211 120 223 121
223 120 235 121
235 120 247 121
0 121 12 122
12 121 24 122
29 121 41 122
41 121 53 122
53 121 65 122
65 121 77 122
77 121 89 122
89 121 101 122
101 121 113 122
113 121 125 122
126 121 138 122
138 121 150 122
150 121 162 122
164 121 176 122
176 121 188 122
188 121 200 122
201 121 213 122
213 121 225 122
225 121 237 122
237 121 249 122
5 122 17 123
17 122 29 123
29 122 41 123
41 122 53 123
53 122 65 123
65 122 77 123
77 122 89 123
89 122 101 123
101 122 113 123
113 122 125 123
125 122 137 123
137 122 149 123
149 122 161 123
161 122 173 123
173 122 185 123
185 122 197 123
197 122 209 123
209 122 221 123
221 122 233 123
233 122 245 123
3 123 15 124
15 123 27 124
27 123 39 124
39 123 51 124
51 123 63 124
63 123 75 124
83 123 95 124
95 123 107 124
107 123 119 124
119 123 131 124
131 123 143 124
148 123 160 124
160 123 172 124
172 123 184 124
184 123 196 124
196 123 208 124
208 123 220 124
220 123 232 124
234 123 246 124
0 124 12 125
23 124 35 125
35 124 47 125
47 124 59 125
59 124 71 125
71 124 83 125
83 124 95 125
95 124 107 125
107 124 119 125
119 124 131 125
131 124 143 125
143 124 155 125
155 124 167 125
167 124 179 125
179 124 191 125
191 124 203 125
205 124 217 125
222 124 234 125
234 124 246 125
0 125 12 126
12 125 24 126
24 125 36 126
36 125 48 126
72 125 84 126
87 125 99 126
99 125 111 126
116 125 128 126
128 125 140 126
145 125 157 126
157 125 169 126
175 125 187 126
187 125 199 126
199 125 211 126
214 125 226 126
226 125 238 126
1 126 13 127
13 126 25 127
27 126 39 127
39 126 51 127
51 126 63 127
63 126 75 127
75 126 87 127
87 126 99 127
99 126 111 127
111 126 123 127
126 126 138 127
138 126 150 127
150 126 162 127
162 126 174 127
176 126 188 127
188 126 200 127
200 126 212 127
212 126 224 127
231 126 243 127
0 127 12 128
12 127 24 128
24 127 36 128
37 127 49 128
49 127 61 128
61 127 73 128
73 127 85 128
90 127 102 128
102 127 114 128
114 127 126 128
126 127 138 128
138 127 150 128
150 127 162 128
162 127 174 128
174 127 186 128
186 127 198 128
198 127 210 128
210 127 222 128
222 127 234 128
234 127 246 128
0 128 12 129
12 128 24 129
24 128 36 129
36 128 48 129
48 128 60 129
60 128 72 129
72 128 84 129
84 128 96 129
96 128 108 129
108 128 120 129
123 128 135 129
135 128 147 129
147 128 159 129
159 128 171 129
171 128 183 129
183 128 195 129
195 128 207 129
207 128 219 129
219 128 231 129
231 128 243 129
1 129 13 130
15 129 27 130
27 129 39 130
39 129 51 130
51 129 63 130
63 129 75 130
81 129 93 130
93 129 105 130
105 129 117 130
117 129 129 130
135 129 147 130
147 129 159 130
159 129 171 130
171 129 183 130
183 129 195 130
195 129 207 130
207 129 219 130
219 129 231 130
231 129 243 130
0 130 12 131
22 130 34 131
34 130 46 131
46 130 58 131
58 130 70 131
70 130 82 131
82 130 94 131
94 130 106 131
106 130 118 131
118 130 130 131
140 130 152 131
152 130 164 131
164 130 176 131
176 130 188 131
188 130 200 131
200 130 212 131
212 130 224 131
226 130 238 131
0 131 12 132
13 131 25 132
25 131 37 132
37 131 49 132
49 131 61 132
61 131 73 132
73 131 85 132
85 131 97 132
97 131 109 132
109 131 121 132
127 131 139 132
139 131 151 132
151 131 163 132
163 131 175 132
180 131 192 132
192 131 204 132
204 131 216 132
216 131 228 132
229 131 241 132
0 132 12 133
17 132 29 133
29 132 41 133
41 132 53 133
53 132 65 133
65 132 77 133
77 132 89 133
89 132 101 133
101 132 113 133
113 132 125 133
125 132 137 133
137 132 149 133
149 132 161 133
169 132 181 133
181 132 193 133
193 132 205 133
205 132 217 133
217 132 229 133
4 133 16 134
16 133 28 134
28 133 40 134
40 133 52 134
52 133 64 134
64 133 76 134
84 133 96 134
98 133 110 134
110 133 122 134
122 133 134 134
134 133 146 134
146 133 158 134
158 133 170 134
170 133 182 134
182 133 194 134
194 133 206 134
206 133 218 134
219 133 231 134
231 133 243 134
5 134 17 135
24 134 36 135
36 134 48 135
49 134 61 135
61 134 73 135
73 134 85 135
85 134 97 135
97 134 109 135
109 134 121 135
121 134 133 135
142 134 154 135
154 134 166 135
171 134 183 135
183 134 195 135
195 134 207 135
207 134 219 135
219 134 231 135
231 134 243 135
0 135 12 136
12 135 24 136
24 135 36 136
37 135 49 136
49 135 61 136
61 135 73 136
73 135 85 136
87 135 99 136
99 135 111 136
111 135 123 136
132 135 144 136
144 135 156 136
156 135 168 136
168 135 180 136
180 135 192 136
192 135 204 136
204 135 216 136
216 135 228 136
228 135 240 136
0 136 12 137
18 136 30 137
31 136 43 137
44 136 56 137
56 136 68 137
68 136 80 137
80 136 92 137
92 136 104 137
105 136 117 137
119 136 131 137
131 136 143 137
143 136 155 137
155 136 167 137
167 136 179 137
179 136 191 137
191 136 203 137
203 136 215 137
215 136 227 137
227 136 239 137
0 137 12 138
12 137 24 138
24 137 36 138
36 137 48 138
48 137 60 138
60 137 72 138
72 137 84 138
91 137 103 138
121 137 133 138
133 137 145 138
145 137 157 138
157 137 169 138
169 137 181 138
181 137 193 138
193 137 205 138
205 137 217 138
217 137 229 138
229 137 241 138
0 138 12 139
12 138 24 139
28 138 40 139
40 138 52 139
52 138 64 139
64 138 76 139
76 138 88 139
88 138 100 139
100 138 112 139
112 138 124 139
124 138 136 139
136 138 148 139
150 138 162 139
162 138 174 139
174 138 186 139
198 138 210 139
210 138 222 139
222 138 234 139
234 138 246 139
0 139 12 140
12 139 24 140
24 139 36 140
36 139 48 140
48 139 60 140
61 139 73 140
73 139 85 140
96 139 108 140
108 139 120 140
120 139 132 140
132 139 144 140
144 139 156 140
156 139 168 140
168 139 180 140
180 139 192 140
192 139 204 140
204 139 216 140
225 139 237 140
237 139 249 140
0 140 12 141
12 140 24 141
24 140 36 141
36 140 48 141
56 140 68 141
68 140 80 141
80 140 92 141
92 140 104 141
104 140 116 141
116 140 128 141
128 140 140 141
144 140 156 141
156 140 168 141
168 140 180 141
180 140 192 141
192 140 204 141
204 140 216 141
216 140 228 141
228 140 240 141
0 141 12 142
12 141 24 142
24 141 36 142
36 141 48 142
48 141 60 142
60 141 72 142
72 141 84 142
84 141 96 142
96 141 108 142
108 141 120 142
120 141 132 142
132 141 144 142
144 141 156 142
156 141 168 142
168 141 180 142
180 141 192 142
192 141 204 142
204 141 216 142
216 141 228 142
228 141 240 142
0 142 12 143
12 142 24 143
24 142 36 143
36 142 48 143
52 142 64 143
70 142 82 143
82 142 94 143
94 142 106 143
106 142 118 143
118 142 130 143
130 142 142 143
142 142 154 143
154 142 166 143
166 142 178 143
181 142 193 143
193 142 205 143
205 142 217 143
217 142 229 143
229 142 241 143
0 143 12 144
12 143 24 144
24 143 36 144
36 143 48 144
48 143 60 144
71 143 83 144
83 143 95 144
95 143 107 144
107 143 119 144
119 143 131 144
131 143 143 144
143 143 155 144
155 143 167 144
167 143 179 144
179 143 191 144
191 143 203 144
203 143 215 144
215 143 227 144
229 143 241 144
0 144 12 145
12 144 24 145
24 144 36 145
36 144 48 145
51 144 63 145
63 144 75 145
75 144 87 145
87 144 99 145
105 144 117 145
117 144 129 145
129 144 141 145
141 144 153 145
153 144 165 145
165 144 177 145
178 144 190 145
190 144 202 145
202 144 214 145
215 144 227 145
234 144 246 145
0 145 12 146
16 145 28 146
28 145 40 146
40 145 52 146
52 145 64 146
64 145 76 146
76 145 88 146
88 145 100 146
100 145 112 146
121 145 133 146
133 145 145 146
145 145 157 146
161 145 173 146
173 145 185 146
185 145 197 146
197 145 209 146
209 145 221 146
221 145 233 146
233 145 245 146
0 146 12 147
12 146 24 147
24 146 36 147
36 146 48 147
48 146 60 147
60 146 72 147
72 146 84 147
84 146 96 147
107 146 119 147
119 146 131 147
131 146 143 147
143 146 155 147
155 146 167 147
167 146 179 147
179 146 191 147
191 146 203 147
203 146 215 147
215 146 227 147
227 146 239 147
0 147 12 148
20 147 32 148
32 147 44 148
44 147 56 148
56 147 68 148
68 147 80 148
80 147 92 148
92 147 104 148
104 147 116 148
116 147 128 148
128 147 140 148
141 147 153 148
153 147 165 148
165 147 177 148
177 147 189 148
189 147 201 148
201 147 213 148
221 147 233 148
233 147 245 148
0 148 12 149
12 148 24 149
24 148 36 149
36 148 48 149
48 148 60 149
60 148 72 149
73 148 85 149
97 148 109 149
109 148 121 149
121 148 133 149
133 148 145 149
145 148 157 149
157 148 169 149
169 148 181 149
184 148 196 149
202 148 214 149
214 148 226 149
226 148 238 149
0 149 12 150
17 149 29 150
29 149 41 150
41 149 53 150
55 149 67 150
67 149 79 150
79 149 91 150
91 149 103 150
103 149 115 150
115 149 127 150
135 149 147 150
147 149 159 150
159 149 171 150
175 149 187 150
187 149 199 150
199 149 211 150
211 149 223 150
223 149 235 150
235 149 247 150
1 150 13 151
13 150 25 151
25 150 37 151
37 150 49 151
49 150 61 151
63 150 75 151
76 150 88 151
88 150 100 151
100 150 112 151
114 150 126 151
126 150 138 151
138 150 150 151
150 150 162 151
169 150 181 151
181 150 193 151
193 150 205 151
205 150 217 151
217 150 229 151
236 150 248 151
0 151 12 152
13 151 25 152
25 151 37 152
37 151 49 152
49 151 61 152
61 151 73 152
73 151 85 152
87 151 99 152
99 151 111 152
111 151 123 152
123 151 135 152
135 151 147 152
147 151 159 152
159 151 171 152
177 151 189 152
189 151 201 152
201 151 213 152
213 151 225 152
225 151 237 152
0 152 12 153
12 152 24 153
24 152 36 153
38 152 50 153
50 152 62 153
62 152 74 153
74 152 86 153
86 152 98 153
100 152 112 153
112 152 124 153
124 152 136 153
136 152 148 153
152 152 164 153
164 152 176 153
176 152 188 153
188 152 200 153
200 152 212 153
213 152 225 153
232 152 244 153
0 153 12 154
12 153 24 154
24 153 36 154
36 153 48 154
48 153 60 154
60 153 72 154
78 153 90 154
90 153 102 154
102 153 114 154
114 153 126 154
126 153 138 154
138 153 150 154
150 153 162 154
162 153 174 154
175 153 187 154
187 153 199 154
199 153 211 154
211 153 223 154
223 153 235 154
235 153 247 154
0 154 12 155
13 154 25 155
31 154 43 155
45 154 57 155
57 154 69 155
69 154 81 155
87 154 99 155
99 154 111 155
111 154 123 155
123 154 135 155
135 154 147 155
147 154 159 155
159 154 171 155
171 154 183 155
192 154 204 155
204 154 216 155
216 154 228 155
228 154 240 155
3 155 15 156
15 155 27 156
27 155 39 156
39 155 51 156
51 155 63 156
63 155 75 156
75 155 87 156
87 155 99 156
99 155 111 156
111 155 123 156
123 155 135 156
135 155 147 156
147 155 159 156
159 155 171 156
171 155 183 156
183 155 195 156
195 155 207 156
207 155 219 156
219 155 231 156
231 155 243 156
5 156 17 157
17 156 29 157
29 156 41 157
41 156 53 157
53 156 65 157
65 156 77 157
77 156 89 157
89 156 101 157
101 156 113 157
113 156 125 157
125 156 137 157
137 156 149 157
149 156 161 157
161 156 173 157
173 156 185 157
185 156 197 157
197 156 209 157
216 156 228 157
228 156 240 157
0 157 12 158
12 157 24 158
24 157 36 158
36 157 48 158
48 157 60 158
60 157 72 158
74 157 86 158
86 157 98 158
98 157 110 158
110 157 122 158
123 157 135 158
135 157 147 158
147 157 159 158
159 157 171 158
171 157 183 158
183 157 195 158
195 157 207 158
207 157 219 158
219 157 231 158
234 157 246 158
0 158 12 159
12 158 24 159
24 158 36 159
36 158 48 159
48 158 60 159
68 158 80 159
80 158 92 159
92 158 104 159
104 158 116 159
116 158 128 159
128 158 140 159
140 158 152 159
152 158 164 159
164 158 176 159
176 158 188 159
188 158 200 159
200 158 212 159
212 158 224 159
224 158 236 159
236 158 248 159
1 159 13 160
13 159 25 160
25 159 37 160
37 159 49 160
51 159 63 160
63 159 75 160
75 159 87 160
87 159 99 160
99 159 111 160
111 159 123 160
123 159 135 160
135 159 147 160
148 159 160 160
160 159 172 160
172 159 184 160
189 159 201 160
201 159 213 160
213 159 225 160
225 159 237 160
237 159 249 160
0 160 12 161
16 160 28 161
28 160 40 161
44 160 56 161
56 160 68 161
68 160 80 161
80 160 92 161
92 160 104 161
104 160 116 161
116 160 128 161
128 160 140 161
140 160 152 161
156 160 168 161
168 160 180 161
181 160 193 161
193 160 205 161
205 160 217 161
217 160 229 161
231 160 243 161
0 161 12 162
12 161 24 162
24 161 36 162
36 161 48 162
48 161 60 162
60 161 72 162
78 161 90 162
90 161 102 162
102 161 114 162
114 161 126 162
126 161 138 162
138 161 150 162
150 161 162 162
162 161 174 162
174 161 186 162
186 161 198 162
198 161 210 162
210 161 222 162
222 161 234 162
234 161 246 162
0 162 12 163
12 162 24 163
24 162 36 163
36 162 48 163
48 162 60 163
60 162 72 163
72 162 84 163
84 162 96 163
96 162 108 163
108 162 120 163
121 162 133 163
133 162 145 163
145 162 157 163
157 162 169 163
169 162 181 163
181 162 193 163
193 162 205 163
205 162 217 163
217 162 229 163
230 162 242 163
0 163 12 164
12 163 24 164
25 163 37 164
37 163 49 164
53 163 65 164
65 163 77 164
77 163 89 164
89 163 101 164
101 163 113 164
113 163 125 164
125 163 137 164
137 163 149 164
149 163 161 164
161 163 173 164
173 163 185 164
185 163 197 164
197 163 209 164
209 163 221 164
221 163 233 164
233 163 245 164
1 164 13 165
13 164 25 165
25 164 37 165
37 164 49 165
49 164 61 165
64 164 76 165
76 164 88 165
88 164 100 165
100 164 112 165
112 164 124 165
124 164 136 165
136 164 148 165
148 164 160 165
160 164 172 165
172 164 184 165
184 164 196 165
196 164 208 165
208 164 220 165
220 164 232 165
232 164 244 165
0 165 12 166
12 165 24 166
24 165 36 166
36 165 48 166
48 165 60 166
60 165 72 166
72 165 84 166
94 165 106 166
106 165 118 166
118 165 130 166
130 165 142 166
142 165 154 166
157 165 169 166
169 165 181 166
181 165 193 166
193 165 205 166
205 165 217 166
221 165 233 166
233 165 245 166
0 166 12 167
12 166 24 167
24 166 36 167
40 166 52 167
52 166 64 167
64 166 76 167
82 166 94 167
94 166 106 167
106 166 118 167
122 166 134 167
134 166 146 167
146 166 158 167
158 166 170 167
170 166 182 167
182 166 194 167
194 166 206 167
206 166 218 167
218 166 230 167
237 166 249 167
3 167 15 168
15 167 27 168
27 167 39 168
39 167 51 168
51 167 63 168
63 167 75 168
75 167 87 168
87 167 99 168
99 167 111 168
111 167 123 168
123 167 135 168
135 167 147 168
147 167 159 168
159 167 171 168
171 167 183 168
183 167 195 168
195 167 207 168
207 167 219 168
219 167 231 168
231 167 243 168
0 168 12 169
12 168 24 169
24 168 36 169
36 168 48 169
50 168 62 169
62 168 74 169
74 168 86 169
86 168 98 169
98 168 110 169
110 168 122 169
122 168 134 169
134 168 146 169
146 168 158 169
158 168 170 169
170 168 182 169
182 168 194 169
194 168 206 169
206 168 218 169
218 168 230 169
230 168 242 169
0 169 12 170
12 169 24 170
24 169 36 170
36 169 48 170
49 169 61 170
61 169 73 170
73 169 85 170
89 169 101 170
101 169 113 170
113 169 125 170
125 169 137 170
137 169 149 170
149 169 161 170
161 169 173 170
173 169 185 170
185 169 197 170
197 169 209 170
209 169 221 170
221 169 233 170
235 169 247 170
0 170 12 171
12 170 24 171
24 170 36 171
38 170 50 171
50 170 62 171
62 170 74 171
74 170 86 171
86 170 98 171
98 170 110 171
110 170 122 171
122 170 134 171
134 170 146 171
146 170 158 171
159 170 171 171
171 170 183 171
183 170 195 171
196 170 208 171
208 170 220 171
222 170 234 171
234 170 246 171
0 171 12 172
12 171 24 172
24 171 36 172
36 171 48 172
48 171 60 172
60 171 72 172
72 171 84 172
84 171 96 172
96 171 108 172
108 171 120 172
120 171 132 172
132 171 144 172
144 171 156 172
156 171 168 172
168 171 180 172
180 171 192 172
192 171 204 172
205 171 217 172
217 171 229 172
229 171 241 172
0 172 12 173
12 172 24 173
24 172 36 173
36 172 48 173
48 172 60 173
60 172 72 173
72 172 84 173
85 172 97 173
97 172 109 173
109 172 121 173
121 172 133 173
133 172 145 173
145 172 157 173
158 172 170 173
172 172 184 173
184 172 196 173
196 172 208 173
208 172 220 173
220 172 232 173
233 172 245 173
0 173 12 174
12 173 24 174
24 173 36 174
36 173 48 174
48 173 60 174
60 173 72 174
72 173 84 174
84 173 96 174
98 173 110 174
114 173 126 174
126 173 138 174
138 173 150 174
155 173 167 174
167 173 179 174
186 173 198 174
203 173 215 174
226 173 238 174
0 174 12 175
12 174 24 175
24 174 36 175
36 174 48 175
48 174 60 175
60 174 72 175
72 174 84 175
84 174 96 175
97 174 109 175
109 174 121 175
121 174 133 175
133 174 145 175
145 174 157 175
157 174 169 175
169 174 181 175
181 174 193 175
193 174 205 175
205 174 217 175
217 174 229 175
237 174 249 175
0 175 12 176
12 175 24 176
24 175 36 176
36 175 48 176
48 175 60 176
60 175 72 176
72 175 84 176
89 175 101 176
101 175 113 176
113 175 125 176
125 175 137 176
137 175 149 176
149 175 161 176
161 175 173 176
179 175 191 176
191 175 203 176
203 175 215 176
215 175 227 176
227 175 239 176
0 176 12 177
12 176 24 177
24 176 36 177
36 176 48 177
48 176 60 177
60 176 72 177
72 176 84 177
84 176 96 177
96 176 108 177
108 176 120 177
120 176 132 177
132 176 144 177
144 176 156 177
156 176 168 177
168 176 180 177
180 176 192 177
192 176 204 177
204 176 216 177
216 176 228 177
228 176 240 177
0 177 12 178
13 177 25 178
25 177 37 178
37 177 49 178
49 177 61 178
61 177 73 178
73 177 85 178
85 177 97 178
97 177 109 178
111 177 123 178
125 177 137 178
137 177 149 178
149 177 161 178
161 177 173 178
173 177 185 178
185 177 197 178
197 177 209 178
209 177 221 178
221 177 233 178
233 177 245 178
0 178 12 179
12 178 24 179
24 178 36 179
36 178 48 179
48 178 60 179
60 178 72 179
72 178 84 179
84 178 96 179
96 178 108 179
108 178 120 179
120 178 132 179
132 178 144 179
145 178 157 179
157 178 169 179
169 178 181 179
181 178 193 179
193 178 205 179
205 178 217 179
217 178 229 179
229 178 241 179
0 179 12 180
12 179 24 180
24 179 36 180
36 179 48 180
48 179 60 180
60 179 72 180
72 179 84 180
84 179 96 180
96 179 108 180
108 179 120 180
127 179 139 180
139 179 151 180
151 179 163 180
163 179 175 180
175 179 187 180
187 179 199 180
199 179 211 180
211 179 223 180
223 179 235 180
235 179 247 180
0 180 12 181
12 180 24 181
24 180 36 181
36 180 48 181
48 180 60 181
60 180 72 181
72 180 84 181
84 180 96 181
96 180 108 181
108 180 120 181
120 180 132 181
133 180 145 181
145 180 157 181
157 180 169 181
169 180 181 181
183 180 195 181
201 180 213 181
213 180 225 181
225 180 237 181
237 180 249 181
0 181 12 182
12 181 24 182
24 181 36 182
36 181 48 182
48 181 60 182
60 181 72 182
72 181 84 182
84 181 96 182
96 181 108 182
108 181 120 182
120 181 132 182
132 181 144 182
144 181 156 182
156 181 168 182
168 181 180 182
180 181 192 182
194 181 206 182
206 181 218 182
218 181 230 182
230 181 242 182
0 182 12 183
12 182 24 183
24 182 36 183
36 182 48 183
55 182 67 183
67 182 79 183
79 182 91 183
91 182 103 183
103 182 115 183
115 182 127 183
128 182 140 183
140 182 152 183
152 182 164 183
164 182 176 183
176 182 188 183
188 182 200 183
200 182 212 183
213 182 225 183
232 182 244 183
0 183 12 184
12 183 24 184
24 183 36 184
36 183 48 184
48 183 60 184
60 183 72 184
72 183 84 184
84 183 96 184
96 183 108 184
108 183 120 184
120 183 132 184
133 183 145 184
145 183 157 184
157 183 169 184
169 183 181 184
181 183 193 184
193 183 205 184
205 183 217 184
217 183 229 184
229 183 241 184
9 184 21 185
21 184 33 185
33 184 45 185
45 184 57 185
57 184 69 185
82 184 94 185
94 184 106 185
106 184 118 185
118 184 130 185
130 184 142 185
142 184 154 185
154 184 166 185
166 184 178 185
180 184 192 185
192 184 204 185
204 184 216 185
216 184 228 185
228 184 240 185
0 185 12 186
12 185 24 186
24 185 36 186
36 185 48 186
48 185 60 186
60 185 72 186
72 185 84 186
84 185 96 186
96 185 108 186
108 185 120 186
120 185 132 186
133 185 145 186
145 185 157 186
157 185 169 186
169 185 181 186
181 185 193 186
193 185 205 186
205 185 217 186
217 185 229 186
229 185 241 186
0 186 12 187
12 186 24 187
24 186 36 187
41 186 53 187
53 186 65 187
65 186 77 187
77 186 89 187
92 186 104 187
104 186 116 187
116 186 128 187
128 186 140 187
140 186 152 187
152 186 164 187
164 186 176 187
176 186 188 187
188 186 200 187
200 186 212 187
212 186 224 187
224 186 236 187
236 186 248 187
0 187 12 188
12 187 24 188
24 187 36 188
36 187 48 188
48 187 60 188
60 187 72 188
72 187 84 188
84 187 96 188
96 187 108 188
108 187 120 188
120 187 132 188
132 187 144 188
144 187 156 188
156 187 168 188
168 187 180 188
191 187 203 188
203 187 215 188
215 187 227 188
227 187 239 188
0 188 12 189
12 188 24 189
24 188 36 189
36 188 48 189
48 188 60 189
60 188 72 189
72 188 84 189
84 188 96 189
96 188 108 189
108 188 120 189
120 188 132 189
133 188 145 189
145 188 157 189
157 188 169 189
169 188 181 189
181 188 193 189
193 188 205 189
205 188 217 189
217 188 229 189
229 188 241 189
0 189 12 190
12 189 24 190
24 189 36 190
36 189 48 190
48 189 60 190
60 189 72 190
72 189 84 190
84 189 96 190
99 189 111 190
111 189 123 190
123 189 135 190
136 189 148 190
148 189 160 190
160 189 172 190
172 189 184 190
184 189 196 190
196 189 208 190
208 189 220 190
220 189 232 190
232 189 244 190
0 190 12 191
12 190 24 191
32 190 44 191
44 190 56 191
57 190 69 191
69 190 81 191
82 190 94 191
94 190 106 191
109 190 121 191
125 190 137 191
137 190 149 191
149 190 161 191
161 190 173 191
173 190 185 191
185 190 197 191
197 190 209 191
209 190 221 191
221 190 233 191
233 190 245 191
0 191 12 192
15 191 27 192
27 191 39 192
39 191 51 192
51 191 63 192
63 191 75 192
75 191 87 192
87 191 99 192
99 191 111 192
111 191 123 192
123 191 135 192
135 191 147 192
153 191 165 192
165 191 177 192
190 191 202 192
202 191 214 192
214 191 226 192
226 191 238 192
0 192 12 193
12 192 24 193
24 192 36 193
37 192 49 193
49 192 61 193
61 192 73 193
73 192 85 193
94 192 106 193
108 192 120 193
120 192 132 193
132 192 144 193
144 192 156 193
156 192 168 193
168 192 180 193
180 192 192 193
192 192 204 193
204 192 216 193
216 192 228 193
228 192 240 193
0 193 12 194
12 193 24 194
24 193 36 194
36 193 48 194
48 193 60 194
60 193 72 194
72 193 84 194
87 193 99 194
99 193 111 194
111 193 123 194
123 193 135 194
135 193 147 194
147 193 159 194
159 193 171 194
171 193 183 194
183 193 195 194
195 193 207 194
207 193 219 194
219 193 231 194
231 193 243 194
0 194 12 195
12 194 24 195
24 194 36 195
40 194 52 195
52 194 64 195
64 194 76 195
76 194 88 195
88 194 100 195
100 194 112 195
112 194 124 195
124 194 136 195
136 194 148 195
149 194 161 195
161 194 173 195
173 194 185 195
186 194 198 195
204 194 216 195
218 194 230 195
230 194 242 195
0 195 12 196
12 195 24 196
24 195 36 196
36 195 48 196
48 195 60 196
60 195 72 196
72 195 84 196
84 195 96 196
96 195 108 196
108 195 120 196
122 195 134 196
134 195 146 196
146 195 158 196
158 195 170 196
170 195 182 196
182 195 194 196
194 195 206 196
206 195 218 196
218 195 230 196
230 195 242 196
3 196 15 197
15 196 27 197
27 196 39 197
39 196 51 197
51 196 63 197
63 196 75 197
75 196 87 197
87 196 99 197
99 196 111 197
111 196 123 197
123 196 135 197
148 196 160 197
162 196 174 197
174 196 186 197
186 196 198 197
198 196 210 197
210 196 222 197
222 196 234 197
234 196 246 197
0 197 12 198
12 197 24 198
29 197 41 198
41 197 53 198
53 197 65 198
66 197 78 198
79 197 91 198
91 197 103 198
103 197 115 198
117 197 129 198
129 197 141 198
141 197 153 198
153 197 165 198
165 197 177 198
177 197 189 198
189 197 201 198
204 197 216 198
216 197 228 198
228 197 240 198
0 198 12 199
23 198 35 199
39 198 51 199
51 198 63 199
63 198 75 199
78 198 90 199
90 198 102 199
102 198 114 199
118 198 130 199
130 198 142 199
146 198 158 199
158 198 170 199
170 198 182 199
182 198 194 199
194 198 206 199
206 198 218 199
218 198 230 199
230 198 242 199
238 6 248 7
239 17 249 18
239 57 249 58
239 59 249 60
238 65 248 66
238 78 248 79
238 96 248 97
238 130 248 131
239 146 249 147
238 148 248 149
238 173 248 174
247 1 249 5
245 2 247 6
245 7 247 11
247 9 249 13
245 20 247 24
246 24 248 28
247 37 249 41
245 39 247 43
246 43 248 47
247 50 249 54
247 60 249 64
246 68 248 72
244 81 246 85
246 81 248 85
247 85 249 89
244 86 246 90
247 91 249 95
246 107 248 111
247 112 249 116
244 113 246 117
244 131 246 135
246 131 248 135
246 135 248 139
241 140 243 144
243 140 245 144
247 152 249 156
246 160 248 164
247 175 249 179
244 181 246 185
246 187 248 191
244 191 246 195
246 195 248 199
247 18 249 24
246 140 248 146
248 24 249 33
248 67 249 76
248 95 249 104
248 125 249 134
248 184 249 193
244 60 247 64
241 82 244 86
241 135 245 138
243 154 247 157
243 15 247 17
244 32 248 34
245 55 249 57
244 99 248 101
189 102 193 104
243 128 247 130
130 129 134 131
0 133 4 135
243 175 247 177
242 21 245 24
243 43 246 46
246 116 249 119
241 183 244 186
79 63 84 65
65 142 70 144
246 181 248 186
241 105 249 106
241 171 249 172
241 50 247 52
243 76 249 78
243 167 249 169
